1555787479917	mozrunner::runner	INFO	Running command: "/Applications/Firefox.app/Contents/MacOS/firefox-bin" "-marionette" "-foreground" "-no-remote" "-profile" "/var/folders/0p/9983bz9s4bzd5n_hzcj8qwtc0000gn/T/rust_mozprofile.UCHW0JyMtyQL"
1555787480462	addons.webextension.screenshots@mozilla.org	WARN	Loading extension 'screenshots@mozilla.org': Reading manifest: Invalid extension permission: mozillaAddons
1555787480462	addons.webextension.screenshots@mozilla.org	WARN	Loading extension 'screenshots@mozilla.org': Reading manifest: Invalid extension permission: resource://pdf.js/
1555787480462	addons.webextension.screenshots@mozilla.org	WARN	Loading extension 'screenshots@mozilla.org': Reading manifest: Invalid extension permission: about:reader*
1555787481962	Marionette	INFO	Listening on port 58926
1555787482057	Marionette	WARN	TLS certificate errors will be ignored for this session
console.error: BroadcastService: 
  receivedBroadcastMessage: handler for
  remote-settings/monitor_changes
  threw error:
  Message: Error: Polling for changes failed: NetworkError when attempting to fetch resource..
  Stack:
    remoteSettingsFunction/remoteSettings.pollChanges@resource://services-settings/remote-settings.js:190:13

1555787920531	mozrunner::runner	INFO	Running command: "/Applications/Firefox.app/Contents/MacOS/firefox-bin" "-marionette" "-foreground" "-no-remote" "-profile" "/var/folders/0p/9983bz9s4bzd5n_hzcj8qwtc0000gn/T/rust_mozprofile.aGvLo16w6qi5"
1555787921050	addons.webextension.screenshots@mozilla.org	WARN	Loading extension 'screenshots@mozilla.org': Reading manifest: Invalid extension permission: mozillaAddons
1555787921050	addons.webextension.screenshots@mozilla.org	WARN	Loading extension 'screenshots@mozilla.org': Reading manifest: Invalid extension permission: resource://pdf.js/
1555787921051	addons.webextension.screenshots@mozilla.org	WARN	Loading extension 'screenshots@mozilla.org': Reading manifest: Invalid extension permission: about:reader*
1555787922618	Marionette	INFO	Listening on port 59002
1555787922676	Marionette	WARN	TLS certificate errors will be ignored for this session
1555787945596	mozrunner::runner	INFO	Running command: "/Applications/Firefox.app/Contents/MacOS/firefox-bin" "-marionette" "-foreground" "-no-remote" "-profile" "/var/folders/0p/9983bz9s4bzd5n_hzcj8qwtc0000gn/T/rust_mozprofile.olSG3Nk3u1dg"
1555787946057	addons.webextension.screenshots@mozilla.org	WARN	Loading extension 'screenshots@mozilla.org': Reading manifest: Invalid extension permission: mozillaAddons
1555787946058	addons.webextension.screenshots@mozilla.org	WARN	Loading extension 'screenshots@mozilla.org': Reading manifest: Invalid extension permission: resource://pdf.js/
1555787946058	addons.webextension.screenshots@mozilla.org	WARN	Loading extension 'screenshots@mozilla.org': Reading manifest: Invalid extension permission: about:reader*
1555787947501	Marionette	INFO	Listening on port 59066
1555787947528	Marionette	WARN	TLS certificate errors will be ignored for this session
1555788076641	mozrunner::runner	INFO	Running command: "/Applications/Firefox.app/Contents/MacOS/firefox-bin" "-marionette" "-foreground" "-no-remote" "-profile" "/var/folders/0p/9983bz9s4bzd5n_hzcj8qwtc0000gn/T/rust_mozprofile.BGbhMrktNDnS"
1555788077134	addons.webextension.screenshots@mozilla.org	WARN	Loading extension 'screenshots@mozilla.org': Reading manifest: Invalid extension permission: mozillaAddons
1555788077134	addons.webextension.screenshots@mozilla.org	WARN	Loading extension 'screenshots@mozilla.org': Reading manifest: Invalid extension permission: resource://pdf.js/
1555788077135	addons.webextension.screenshots@mozilla.org	WARN	Loading extension 'screenshots@mozilla.org': Reading manifest: Invalid extension permission: about:reader*
1555788084640	Marionette	INFO	Listening on port 59131
1555788084651	Marionette	WARN	TLS certificate errors will be ignored for this session
console.error: BroadcastService: 
  receivedBroadcastMessage: handler for
  remote-settings/monitor_changes
  threw error:
  Message: Error: Polling for changes failed: NetworkError when attempting to fetch resource..
  Stack:
    remoteSettingsFunction/remoteSettings.pollChanges@resource://services-settings/remote-settings.js:190:13

console.error: BroadcastService: 
  receivedBroadcastMessage: handler for
  remote-settings/monitor_changes
  threw error:
  Message: Error: Polling for changes failed: NetworkError when attempting to fetch resource..
  Stack:
    remoteSettingsFunction/remoteSettings.pollChanges@resource://services-settings/remote-settings.js:190:13

console.error: BroadcastService: 
  receivedBroadcastMessage: handler for
  remote-settings/monitor_changes
  threw error:
  Message: Error: Polling for changes failed: NetworkError when attempting to fetch resource..
  Stack:
    remoteSettingsFunction/remoteSettings.pollChanges@resource://services-settings/remote-settings.js:190:13

JavaScript error: resource://gre/modules/WebProgressChild.jsm, line 61: TypeError: this.mm.content is null
1555793238833	mozrunner::runner	INFO	Running command: "/Applications/Firefox.app/Contents/MacOS/firefox-bin" "-marionette" "-foreground" "-no-remote" "-profile" "/var/folders/0p/9983bz9s4bzd5n_hzcj8qwtc0000gn/T/rust_mozprofile.hjUcenOvt1gx"
1555793239437	addons.webextension.screenshots@mozilla.org	WARN	Loading extension 'screenshots@mozilla.org': Reading manifest: Invalid extension permission: mozillaAddons
1555793239437	addons.webextension.screenshots@mozilla.org	WARN	Loading extension 'screenshots@mozilla.org': Reading manifest: Invalid extension permission: resource://pdf.js/
1555793239437	addons.webextension.screenshots@mozilla.org	WARN	Loading extension 'screenshots@mozilla.org': Reading manifest: Invalid extension permission: about:reader*
1555793241074	Marionette	INFO	Listening on port 59832
1555793241185	Marionette	WARN	TLS certificate errors will be ignored for this session
console.error: BroadcastService: 
  receivedBroadcastMessage: handler for
  remote-settings/monitor_changes
  threw error:
  Message: Error: Polling for changes failed: NetworkError when attempting to fetch resource..
  Stack:
    remoteSettingsFunction/remoteSettings.pollChanges@resource://services-settings/remote-settings.js:190:13

1555793903033	Marionette	INFO	Stopped listening on port 59832
1555794165407	Marionette	INFO	Stopped listening on port 59066
1555794166304	Marionette	INFO	Stopped listening on port 59002
1555794168419	Marionette	INFO	Stopped listening on port 58926
1555794169376	Marionette	INFO	Stopped listening on port 59131
1565793834425	mozrunner::runner	INFO	Running command: "/Applications/Firefox.app/Contents/MacOS/firefox-bin" "-marionette" "-foreground" "-no-remote" "-profile" "/var/folders/0p/9983bz9s4bzd5n_hzcj8qwtc0000gn/T/rust_mozprofile.tH87765nievw"
1565793835233	addons.webextension.screenshots@mozilla.org	WARN	Loading extension 'screenshots@mozilla.org': Reading manifest: Invalid extension permission: mozillaAddons
1565793835233	addons.webextension.screenshots@mozilla.org	WARN	Loading extension 'screenshots@mozilla.org': Reading manifest: Invalid extension permission: telemetry
1565793835233	addons.webextension.screenshots@mozilla.org	WARN	Loading extension 'screenshots@mozilla.org': Reading manifest: Invalid extension permission: resource://pdf.js/
1565793835233	addons.webextension.screenshots@mozilla.org	WARN	Loading extension 'screenshots@mozilla.org': Reading manifest: Invalid extension permission: about:reader*
1565793837261	Marionette	INFO	Listening on port 60581
1565793837269	Marionette	WARN	TLS certificate errors will be ignored for this session
JavaScript error: https://maps.googleapis.com/maps/api/js?v=3.17&libraries=weather,geometry,visualization&language=en&sensor=false&key=AIzaSyAfHYFWKpcLoggTtrEqFff7zRXZdfCk6CI&callback=onGoogleMapsReady900, line 96: Error: Could not load "onion".
console.error: BroadcastService: 
  receivedBroadcastMessage: handler for
  remote-settings/monitor_changes
  threw error:
  Message: Error: Polling for changes failed: http://%(server)s/dummy/blocklist//buckets/monitor/collections/changes/records?_expected=%221565740805582%22 is not a valid URL..
  Stack:
    remoteSettingsFunction/remoteSettings.pollChanges@resource://services-settings/remote-settings.js:201:13

1565800170818	Marionette	INFO	Stopped listening on port 60581
1565801982346	mozrunner::runner	INFO	Running command: "/Applications/Firefox.app/Contents/MacOS/firefox-bin" "-marionette" "-foreground" "-no-remote" "-profile" "/var/folders/0p/9983bz9s4bzd5n_hzcj8qwtc0000gn/T/rust_mozprofile.0UH1ZjIcMn3a"
1565801983040	addons.webextension.screenshots@mozilla.org	WARN	Loading extension 'screenshots@mozilla.org': Reading manifest: Invalid extension permission: mozillaAddons
1565801983041	addons.webextension.screenshots@mozilla.org	WARN	Loading extension 'screenshots@mozilla.org': Reading manifest: Invalid extension permission: telemetry
1565801983041	addons.webextension.screenshots@mozilla.org	WARN	Loading extension 'screenshots@mozilla.org': Reading manifest: Invalid extension permission: resource://pdf.js/
1565801983041	addons.webextension.screenshots@mozilla.org	WARN	Loading extension 'screenshots@mozilla.org': Reading manifest: Invalid extension permission: about:reader*
1565801985171	Marionette	INFO	Listening on port 50335
1565801985218	Marionette	WARN	TLS certificate errors will be ignored for this session
JavaScript warning: resource:///modules/UrlbarView.jsm, line 123: Array.reduce is deprecated; use Array.prototype.reduce instead
JavaScript warning: https://static.adsafeprotected.com/sca.17.4.95.js, line 32: Array.slice is deprecated; use Array.prototype.slice instead

###!!! [Child][MessageChannel] Error: (msgtype=0x530005,name=PHttpChannel::Msg_Cancel) Closed channel: cannot send/recv


###!!! [Child][MessageChannel] Error: (msgtype=0x530005,name=PHttpChannel::Msg_Cancel) Closed channel: cannot send/recv


###!!! [Child][MessageChannel] Error: (msgtype=0x530005,name=PHttpChannel::Msg_Cancel) Closed channel: cannot send/recv


###!!! [Child][MessageChannel] Error: (msgtype=0x530005,name=PHttpChannel::Msg_Cancel) Closed channel: cannot send/recv


###!!! [Child][MessageChannel] Error: (msgtype=0x530005,name=PHttpChannel::Msg_Cancel) Closed channel: cannot send/recv

console.error: BroadcastService: 
  receivedBroadcastMessage: handler for
  remote-settings/monitor_changes
  threw error:
  Message: Error: Polling for changes failed: http://%(server)s/dummy/blocklist//buckets/monitor/collections/changes/records?_expected=%221565740805582%22 is not a valid URL..
  Stack:
    remoteSettingsFunction/remoteSettings.pollChanges@resource://services-settings/remote-settings.js:201:13

Handler function threw an exception: [Exception... "Component returned failure code: 0x80040111 (NS_ERROR_NOT_AVAILABLE) [nsICacheInfoChannel.isRacing]"  nsresult: "0x80040111 (NS_ERROR_NOT_AVAILABLE)"  location: "JS frame :: resource://devtools/server/actors/network-monitor/network-response-listener.js :: NetworkResponseListener.prototype._getSecurityInfo< :: line 301"  data: no]
Stack: NetworkResponseListener.prototype._getSecurityInfo<@resource://devtools/server/actors/network-monitor/network-response-listener.js:301:26
exports.makeInfallible/<@resource://devtools/shared/ThreadSafeDevToolsUtils.js:109:22
onStartRequest@resource://devtools/server/actors/network-monitor/network-response-listener.js:209:10
Line: 301, column: 0
console.error: "Handler function threw an exception: [Exception... \"Component returned failure code: 0x80040111 (NS_ERROR_NOT_AVAILABLE) [nsICacheInfoChannel.isRacing]\"  nsresult: \"0x80040111 (NS_ERROR_NOT_AVAILABLE)\"  location: \"JS frame :: resource://devtools/server/actors/network-monitor/network-response-listener.js :: NetworkResponseListener.prototype._getSecurityInfo< :: line 301\"  data: no]\nStack: NetworkResponseListener.prototype._getSecurityInfo<@resource://devtools/server/actors/network-monitor/network-response-listener.js:301:26\nexports.makeInfallible/<@resource://devtools/shared/ThreadSafeDevToolsUtils.js:109:22\nonStartRequest@resource://devtools/server/actors/network-monitor/network-response-listener.js:209:10\nLine: 301, column: 0"
Handler function threw an exception: [Exception... "Component returned failure code: 0x80040111 (NS_ERROR_NOT_AVAILABLE) [nsICacheInfoChannel.isRacing]"  nsresult: "0x80040111 (NS_ERROR_NOT_AVAILABLE)"  location: "JS frame :: resource://devtools/server/actors/network-monitor/network-response-listener.js :: NetworkResponseListener.prototype._getSecurityInfo< :: line 301"  data: no]
Stack: NetworkResponseListener.prototype._getSecurityInfo<@resource://devtools/server/actors/network-monitor/network-response-listener.js:301:26
exports.makeInfallible/<@resource://devtools/shared/ThreadSafeDevToolsUtils.js:109:22
onStartRequest@resource://devtools/server/actors/network-monitor/network-response-listener.js:209:10
Line: 301, column: 0
console.error: "Handler function threw an exception: [Exception... \"Component returned failure code: 0x80040111 (NS_ERROR_NOT_AVAILABLE) [nsICacheInfoChannel.isRacing]\"  nsresult: \"0x80040111 (NS_ERROR_NOT_AVAILABLE)\"  location: \"JS frame :: resource://devtools/server/actors/network-monitor/network-response-listener.js :: NetworkResponseListener.prototype._getSecurityInfo< :: line 301\"  data: no]\nStack: NetworkResponseListener.prototype._getSecurityInfo<@resource://devtools/server/actors/network-monitor/network-response-listener.js:301:26\nexports.makeInfallible/<@resource://devtools/shared/ThreadSafeDevToolsUtils.js:109:22\nonStartRequest@resource://devtools/server/actors/network-monitor/network-response-listener.js:209:10\nLine: 301, column: 0"
Handler function threw an exception: [Exception... "Component returned failure code: 0x80040111 (NS_ERROR_NOT_AVAILABLE) [nsICacheInfoChannel.isRacing]"  nsresult: "0x80040111 (NS_ERROR_NOT_AVAILABLE)"  location: "JS frame :: resource://devtools/server/actors/network-monitor/network-response-listener.js :: NetworkResponseListener.prototype._getSecurityInfo< :: line 301"  data: no]
Stack: NetworkResponseListener.prototype._getSecurityInfo<@resource://devtools/server/actors/network-monitor/network-response-listener.js:301:26
exports.makeInfallible/<@resource://devtools/shared/ThreadSafeDevToolsUtils.js:109:22
onStartRequest@resource://devtools/server/actors/network-monitor/network-response-listener.js:209:10
Line: 301, column: 0
console.error: "Handler function threw an exception: [Exception... \"Component returned failure code: 0x80040111 (NS_ERROR_NOT_AVAILABLE) [nsICacheInfoChannel.isRacing]\"  nsresult: \"0x80040111 (NS_ERROR_NOT_AVAILABLE)\"  location: \"JS frame :: resource://devtools/server/actors/network-monitor/network-response-listener.js :: NetworkResponseListener.prototype._getSecurityInfo< :: line 301\"  data: no]\nStack: NetworkResponseListener.prototype._getSecurityInfo<@resource://devtools/server/actors/network-monitor/network-response-listener.js:301:26\nexports.makeInfallible/<@resource://devtools/shared/ThreadSafeDevToolsUtils.js:109:22\nonStartRequest@resource://devtools/server/actors/network-monitor/network-response-listener.js:209:10\nLine: 301, column: 0"
console.error: "Error while calling actor 'pagestyle's method 'getUsedFontFaces'" "node is null"
console.error: "getUsedFontFaces@resource://devtools/server/actors/styles.js:320:24\nhandler@resource://devtools/shared/protocol.js:1189:37\nonPacket@resource://devtools/server/main.js:1291:58\nreceiveMessage@resource://devtools/shared/transport/child-transport.js:66:16\n"
console.error: "Could not get the list of font families" "Protocol error (unknownError): node is null"
Handler function threw an exception: [Exception... "Component returned failure code: 0x80040111 (NS_ERROR_NOT_AVAILABLE) [nsICacheInfoChannel.isRacing]"  nsresult: "0x80040111 (NS_ERROR_NOT_AVAILABLE)"  location: "JS frame :: resource://devtools/server/actors/network-monitor/network-response-listener.js :: NetworkResponseListener.prototype._getSecurityInfo< :: line 301"  data: no]
Stack: NetworkResponseListener.prototype._getSecurityInfo<@resource://devtools/server/actors/network-monitor/network-response-listener.js:301:26
exports.makeInfallible/<@resource://devtools/shared/ThreadSafeDevToolsUtils.js:109:22
onStartRequest@resource://devtools/server/actors/network-monitor/network-response-listener.js:209:10
Line: 301, column: 0
console.error: "Handler function threw an exception: [Exception... \"Component returned failure code: 0x80040111 (NS_ERROR_NOT_AVAILABLE) [nsICacheInfoChannel.isRacing]\"  nsresult: \"0x80040111 (NS_ERROR_NOT_AVAILABLE)\"  location: \"JS frame :: resource://devtools/server/actors/network-monitor/network-response-listener.js :: NetworkResponseListener.prototype._getSecurityInfo< :: line 301\"  data: no]\nStack: NetworkResponseListener.prototype._getSecurityInfo<@resource://devtools/server/actors/network-monitor/network-response-listener.js:301:26\nexports.makeInfallible/<@resource://devtools/shared/ThreadSafeDevToolsUtils.js:109:22\nonStartRequest@resource://devtools/server/actors/network-monitor/network-response-listener.js:209:10\nLine: 301, column: 0"
Handler function threw an exception: [Exception... "Component returned failure code: 0x80040111 (NS_ERROR_NOT_AVAILABLE) [nsICacheInfoChannel.isRacing]"  nsresult: "0x80040111 (NS_ERROR_NOT_AVAILABLE)"  location: "JS frame :: resource://devtools/server/actors/network-monitor/network-response-listener.js :: NetworkResponseListener.prototype._getSecurityInfo< :: line 301"  data: no]
Stack: NetworkResponseListener.prototype._getSecurityInfo<@resource://devtools/server/actors/network-monitor/network-response-listener.js:301:26
exports.makeInfallible/<@resource://devtools/shared/ThreadSafeDevToolsUtils.js:109:22
onStartRequest@resource://devtools/server/actors/network-monitor/network-response-listener.js:209:10
Line: 301, column: 0
console.error: "Handler function threw an exception: [Exception... \"Component returned failure code: 0x80040111 (NS_ERROR_NOT_AVAILABLE) [nsICacheInfoChannel.isRacing]\"  nsresult: \"0x80040111 (NS_ERROR_NOT_AVAILABLE)\"  location: \"JS frame :: resource://devtools/server/actors/network-monitor/network-response-listener.js :: NetworkResponseListener.prototype._getSecurityInfo< :: line 301\"  data: no]\nStack: NetworkResponseListener.prototype._getSecurityInfo<@resource://devtools/server/actors/network-monitor/network-response-listener.js:301:26\nexports.makeInfallible/<@resource://devtools/shared/ThreadSafeDevToolsUtils.js:109:22\nonStartRequest@resource://devtools/server/actors/network-monitor/network-response-listener.js:209:10\nLine: 301, column: 0"
console.error: "Error while calling actor 'pagestyle's method 'getUsedFontFaces'" "node is null"
console.error: "getUsedFontFaces@resource://devtools/server/actors/styles.js:320:24\nhandler@resource://devtools/shared/protocol.js:1189:37\nonPacket@resource://devtools/server/main.js:1291:58\nreceiveMessage@resource://devtools/shared/transport/child-transport.js:66:16\n"
console.error: "Could not get the list of font families" "Protocol error (unknownError): node is null"
Handler function threw an exception: [Exception... "Component returned failure code: 0x80040111 (NS_ERROR_NOT_AVAILABLE) [nsICacheInfoChannel.isRacing]"  nsresult: "0x80040111 (NS_ERROR_NOT_AVAILABLE)"  location: "JS frame :: resource://devtools/server/actors/network-monitor/network-response-listener.js :: NetworkResponseListener.prototype._getSecurityInfo< :: line 301"  data: no]
Stack: NetworkResponseListener.prototype._getSecurityInfo<@resource://devtools/server/actors/network-monitor/network-response-listener.js:301:26
exports.makeInfallible/<@resource://devtools/shared/ThreadSafeDevToolsUtils.js:109:22
onStartRequest@resource://devtools/server/actors/network-monitor/network-response-listener.js:209:10
Line: 301, column: 0
console.error: "Handler function threw an exception: [Exception... \"Component returned failure code: 0x80040111 (NS_ERROR_NOT_AVAILABLE) [nsICacheInfoChannel.isRacing]\"  nsresult: \"0x80040111 (NS_ERROR_NOT_AVAILABLE)\"  location: \"JS frame :: resource://devtools/server/actors/network-monitor/network-response-listener.js :: NetworkResponseListener.prototype._getSecurityInfo< :: line 301\"  data: no]\nStack: NetworkResponseListener.prototype._getSecurityInfo<@resource://devtools/server/actors/network-monitor/network-response-listener.js:301:26\nexports.makeInfallible/<@resource://devtools/shared/ThreadSafeDevToolsUtils.js:109:22\nonStartRequest@resource://devtools/server/actors/network-monitor/network-response-listener.js:209:10\nLine: 301, column: 0"
console.error: "Error while calling actor 'pagestyle's method 'getUsedFontFaces'" "node is null"
console.error: "getUsedFontFaces@resource://devtools/server/actors/styles.js:320:24\nhandler@resource://devtools/shared/protocol.js:1189:37\nonPacket@resource://devtools/server/main.js:1291:58\nreceiveMessage@resource://devtools/shared/transport/child-transport.js:66:16\n"
console.error: "Could not get the list of font families" "Protocol error (unknownError): node is null"
Handler function threw an exception: [Exception... "Component returned failure code: 0x80040111 (NS_ERROR_NOT_AVAILABLE) [nsICacheInfoChannel.isRacing]"  nsresult: "0x80040111 (NS_ERROR_NOT_AVAILABLE)"  location: "JS frame :: resource://devtools/server/actors/network-monitor/network-response-listener.js :: NetworkResponseListener.prototype._getSecurityInfo< :: line 301"  data: no]
Stack: NetworkResponseListener.prototype._getSecurityInfo<@resource://devtools/server/actors/network-monitor/network-response-listener.js:301:26
exports.makeInfallible/<@resource://devtools/shared/ThreadSafeDevToolsUtils.js:109:22
onStartRequest@resource://devtools/server/actors/network-monitor/network-response-listener.js:209:10
Line: 301, column: 0
console.error: "Handler function threw an exception: [Exception... \"Component returned failure code: 0x80040111 (NS_ERROR_NOT_AVAILABLE) [nsICacheInfoChannel.isRacing]\"  nsresult: \"0x80040111 (NS_ERROR_NOT_AVAILABLE)\"  location: \"JS frame :: resource://devtools/server/actors/network-monitor/network-response-listener.js :: NetworkResponseListener.prototype._getSecurityInfo< :: line 301\"  data: no]\nStack: NetworkResponseListener.prototype._getSecurityInfo<@resource://devtools/server/actors/network-monitor/network-response-listener.js:301:26\nexports.makeInfallible/<@resource://devtools/shared/ThreadSafeDevToolsUtils.js:109:22\nonStartRequest@resource://devtools/server/actors/network-monitor/network-response-listener.js:209:10\nLine: 301, column: 0"
console.error: "Error while calling actor 'pagestyle's method 'getUsedFontFaces'" "node is null"
console.error: "getUsedFontFaces@resource://devtools/server/actors/styles.js:320:24\nhandler@resource://devtools/shared/protocol.js:1189:37\nonPacket@resource://devtools/server/main.js:1291:58\nreceiveMessage@resource://devtools/shared/transport/child-transport.js:66:16\n"
console.error: "Could not get the list of font families" "Protocol error (unknownError): node is null"
Handler function threw an exception: [Exception... "Component returned failure code: 0x80040111 (NS_ERROR_NOT_AVAILABLE) [nsICacheInfoChannel.isRacing]"  nsresult: "0x80040111 (NS_ERROR_NOT_AVAILABLE)"  location: "JS frame :: resource://devtools/server/actors/network-monitor/network-response-listener.js :: NetworkResponseListener.prototype._getSecurityInfo< :: line 301"  data: no]
Stack: NetworkResponseListener.prototype._getSecurityInfo<@resource://devtools/server/actors/network-monitor/network-response-listener.js:301:26
exports.makeInfallible/<@resource://devtools/shared/ThreadSafeDevToolsUtils.js:109:22
onStartRequest@resource://devtools/server/actors/network-monitor/network-response-listener.js:209:10
Line: 301, column: 0
console.error: "Handler function threw an exception: [Exception... \"Component returned failure code: 0x80040111 (NS_ERROR_NOT_AVAILABLE) [nsICacheInfoChannel.isRacing]\"  nsresult: \"0x80040111 (NS_ERROR_NOT_AVAILABLE)\"  location: \"JS frame :: resource://devtools/server/actors/network-monitor/network-response-listener.js :: NetworkResponseListener.prototype._getSecurityInfo< :: line 301\"  data: no]\nStack: NetworkResponseListener.prototype._getSecurityInfo<@resource://devtools/server/actors/network-monitor/network-response-listener.js:301:26\nexports.makeInfallible/<@resource://devtools/shared/ThreadSafeDevToolsUtils.js:109:22\nonStartRequest@resource://devtools/server/actors/network-monitor/network-response-listener.js:209:10\nLine: 301, column: 0"
console.error: "Error while calling actor 'pagestyle's method 'getUsedFontFaces'" "node is null"
console.error: "getUsedFontFaces@resource://devtools/server/actors/styles.js:320:24\nhandler@resource://devtools/shared/protocol.js:1189:37\nonPacket@resource://devtools/server/main.js:1291:58\nreceiveMessage@resource://devtools/shared/transport/child-transport.js:66:16\n"
console.error: "Could not get the list of font families" "Protocol error (unknownError): node is null"
Handler function threw an exception: [Exception... "Component returned failure code: 0x80040111 (NS_ERROR_NOT_AVAILABLE) [nsICacheInfoChannel.isRacing]"  nsresult: "0x80040111 (NS_ERROR_NOT_AVAILABLE)"  location: "JS frame :: resource://devtools/server/actors/network-monitor/network-response-listener.js :: NetworkResponseListener.prototype._getSecurityInfo< :: line 301"  data: no]
Stack: NetworkResponseListener.prototype._getSecurityInfo<@resource://devtools/server/actors/network-monitor/network-response-listener.js:301:26
exports.makeInfallible/<@resource://devtools/shared/ThreadSafeDevToolsUtils.js:109:22
onStartRequest@resource://devtools/server/actors/network-monitor/network-response-listener.js:209:10
Line: 301, column: 0
console.error: "Handler function threw an exception: [Exception... \"Component returned failure code: 0x80040111 (NS_ERROR_NOT_AVAILABLE) [nsICacheInfoChannel.isRacing]\"  nsresult: \"0x80040111 (NS_ERROR_NOT_AVAILABLE)\"  location: \"JS frame :: resource://devtools/server/actors/network-monitor/network-response-listener.js :: NetworkResponseListener.prototype._getSecurityInfo< :: line 301\"  data: no]\nStack: NetworkResponseListener.prototype._getSecurityInfo<@resource://devtools/server/actors/network-monitor/network-response-listener.js:301:26\nexports.makeInfallible/<@resource://devtools/shared/ThreadSafeDevToolsUtils.js:109:22\nonStartRequest@resource://devtools/server/actors/network-monitor/network-response-listener.js:209:10\nLine: 301, column: 0"
console.error: "Error while calling actor 'pagestyle's method 'getUsedFontFaces'" "node is null"
console.error: "getUsedFontFaces@resource://devtools/server/actors/styles.js:320:24\nhandler@resource://devtools/shared/protocol.js:1189:37\nonPacket@resource://devtools/server/main.js:1291:58\nreceiveMessage@resource://devtools/shared/transport/child-transport.js:66:16\n"
Handler function threw an exception: [Exception... "Component returned failure code: 0x80040111 (NS_ERROR_NOT_AVAILABLE) [nsICacheInfoChannel.isRacing]"  nsresult: "0x80040111 (NS_ERROR_NOT_AVAILABLE)"  location: "JS frame :: resource://devtools/server/actors/network-monitor/network-response-listener.js :: NetworkResponseListener.prototype._getSecurityInfo< :: line 301"  data: no]
Stack: NetworkResponseListener.prototype._getSecurityInfo<@resource://devtools/server/actors/network-monitor/network-response-listener.js:301:26
exports.makeInfallible/<@resource://devtools/shared/ThreadSafeDevToolsUtils.js:109:22
onStartRequest@resource://devtools/server/actors/network-monitor/network-response-listener.js:209:10
Line: 301, column: 0
console.error: "Handler function threw an exception: [Exception... \"Component returned failure code: 0x80040111 (NS_ERROR_NOT_AVAILABLE) [nsICacheInfoChannel.isRacing]\"  nsresult: \"0x80040111 (NS_ERROR_NOT_AVAILABLE)\"  location: \"JS frame :: resource://devtools/server/actors/network-monitor/network-response-listener.js :: NetworkResponseListener.prototype._getSecurityInfo< :: line 301\"  data: no]\nStack: NetworkResponseListener.prototype._getSecurityInfo<@resource://devtools/server/actors/network-monitor/network-response-listener.js:301:26\nexports.makeInfallible/<@resource://devtools/shared/ThreadSafeDevToolsUtils.js:109:22\nonStartRequest@resource://devtools/server/actors/network-monitor/network-response-listener.js:209:10\nLine: 301, column: 0"
console.error: "Could not get the list of font families" "Protocol error (unknownError): node is null"
Handler function threw an exception: [Exception... "Component returned failure code: 0x80040111 (NS_ERROR_NOT_AVAILABLE) [nsICacheInfoChannel.isRacing]"  nsresult: "0x80040111 (NS_ERROR_NOT_AVAILABLE)"  location: "JS frame :: resource://devtools/server/actors/network-monitor/network-response-listener.js :: NetworkResponseListener.prototype._getSecurityInfo< :: line 301"  data: no]
Stack: NetworkResponseListener.prototype._getSecurityInfo<@resource://devtools/server/actors/network-monitor/network-response-listener.js:301:26
exports.makeInfallible/<@resource://devtools/shared/ThreadSafeDevToolsUtils.js:109:22
onStartRequest@resource://devtools/server/actors/network-monitor/network-response-listener.js:209:10
Line: 301, column: 0
console.error: "Handler function threw an exception: [Exception... \"Component returned failure code: 0x80040111 (NS_ERROR_NOT_AVAILABLE) [nsICacheInfoChannel.isRacing]\"  nsresult: \"0x80040111 (NS_ERROR_NOT_AVAILABLE)\"  location: \"JS frame :: resource://devtools/server/actors/network-monitor/network-response-listener.js :: NetworkResponseListener.prototype._getSecurityInfo< :: line 301\"  data: no]\nStack: NetworkResponseListener.prototype._getSecurityInfo<@resource://devtools/server/actors/network-monitor/network-response-listener.js:301:26\nexports.makeInfallible/<@resource://devtools/shared/ThreadSafeDevToolsUtils.js:109:22\nonStartRequest@resource://devtools/server/actors/network-monitor/network-response-listener.js:209:10\nLine: 301, column: 0"
console.error: "Error while calling actor 'pagestyle's method 'getUsedFontFaces'" "node is null"
console.error: "getUsedFontFaces@resource://devtools/server/actors/styles.js:320:24\nhandler@resource://devtools/shared/protocol.js:1189:37\nonPacket@resource://devtools/server/main.js:1291:58\nreceiveMessage@resource://devtools/shared/transport/child-transport.js:66:16\n"
console.error: "Could not get the list of font families" "Protocol error (unknownError): node is null"
Handler function threw an exception: [Exception... "Component returned failure code: 0x80040111 (NS_ERROR_NOT_AVAILABLE) [nsICacheInfoChannel.isRacing]"  nsresult: "0x80040111 (NS_ERROR_NOT_AVAILABLE)"  location: "JS frame :: resource://devtools/server/actors/network-monitor/network-response-listener.js :: NetworkResponseListener.prototype._getSecurityInfo< :: line 301"  data: no]
Stack: NetworkResponseListener.prototype._getSecurityInfo<@resource://devtools/server/actors/network-monitor/network-response-listener.js:301:26
exports.makeInfallible/<@resource://devtools/shared/ThreadSafeDevToolsUtils.js:109:22
onStartRequest@resource://devtools/server/actors/network-monitor/network-response-listener.js:209:10
Line: 301, column: 0
console.error: "Handler function threw an exception: [Exception... \"Component returned failure code: 0x80040111 (NS_ERROR_NOT_AVAILABLE) [nsICacheInfoChannel.isRacing]\"  nsresult: \"0x80040111 (NS_ERROR_NOT_AVAILABLE)\"  location: \"JS frame :: resource://devtools/server/actors/network-monitor/network-response-listener.js :: NetworkResponseListener.prototype._getSecurityInfo< :: line 301\"  data: no]\nStack: NetworkResponseListener.prototype._getSecurityInfo<@resource://devtools/server/actors/network-monitor/network-response-listener.js:301:26\nexports.makeInfallible/<@resource://devtools/shared/ThreadSafeDevToolsUtils.js:109:22\nonStartRequest@resource://devtools/server/actors/network-monitor/network-response-listener.js:209:10\nLine: 301, column: 0"
console.error: "Error while calling actor 'pagestyle's method 'getUsedFontFaces'" "node is null"
console.error: "getUsedFontFaces@resource://devtools/server/actors/styles.js:320:24\nhandler@resource://devtools/shared/protocol.js:1189:37\nonPacket@resource://devtools/server/main.js:1291:58\nreceiveMessage@resource://devtools/shared/transport/child-transport.js:66:16\n"
console.error: "Could not get the list of font families" "Protocol error (unknownError): node is null"
Handler function threw an exception: [Exception... "Component returned failure code: 0x80040111 (NS_ERROR_NOT_AVAILABLE) [nsICacheInfoChannel.isRacing]"  nsresult: "0x80040111 (NS_ERROR_NOT_AVAILABLE)"  location: "JS frame :: resource://devtools/server/actors/network-monitor/network-response-listener.js :: NetworkResponseListener.prototype._getSecurityInfo< :: line 301"  data: no]
Stack: NetworkResponseListener.prototype._getSecurityInfo<@resource://devtools/server/actors/network-monitor/network-response-listener.js:301:26
exports.makeInfallible/<@resource://devtools/shared/ThreadSafeDevToolsUtils.js:109:22
onStartRequest@resource://devtools/server/actors/network-monitor/network-response-listener.js:209:10
Line: 301, column: 0
console.error: "Handler function threw an exception: [Exception... \"Component returned failure code: 0x80040111 (NS_ERROR_NOT_AVAILABLE) [nsICacheInfoChannel.isRacing]\"  nsresult: \"0x80040111 (NS_ERROR_NOT_AVAILABLE)\"  location: \"JS frame :: resource://devtools/server/actors/network-monitor/network-response-listener.js :: NetworkResponseListener.prototype._getSecurityInfo< :: line 301\"  data: no]\nStack: NetworkResponseListener.prototype._getSecurityInfo<@resource://devtools/server/actors/network-monitor/network-response-listener.js:301:26\nexports.makeInfallible/<@resource://devtools/shared/ThreadSafeDevToolsUtils.js:109:22\nonStartRequest@resource://devtools/server/actors/network-monitor/network-response-listener.js:209:10\nLine: 301, column: 0"
Handler function threw an exception: [Exception... "Component returned failure code: 0x80040111 (NS_ERROR_NOT_AVAILABLE) [nsICacheInfoChannel.isRacing]"  nsresult: "0x80040111 (NS_ERROR_NOT_AVAILABLE)"  location: "JS frame :: resource://devtools/server/actors/network-monitor/network-response-listener.js :: NetworkResponseListener.prototype._getSecurityInfo< :: line 301"  data: no]
Stack: NetworkResponseListener.prototype._getSecurityInfo<@resource://devtools/server/actors/network-monitor/network-response-listener.js:301:26
exports.makeInfallible/<@resource://devtools/shared/ThreadSafeDevToolsUtils.js:109:22
onStartRequest@resource://devtools/server/actors/network-monitor/network-response-listener.js:209:10
Line: 301, column: 0
console.error: "Handler function threw an exception: [Exception... \"Component returned failure code: 0x80040111 (NS_ERROR_NOT_AVAILABLE) [nsICacheInfoChannel.isRacing]\"  nsresult: \"0x80040111 (NS_ERROR_NOT_AVAILABLE)\"  location: \"JS frame :: resource://devtools/server/actors/network-monitor/network-response-listener.js :: NetworkResponseListener.prototype._getSecurityInfo< :: line 301\"  data: no]\nStack: NetworkResponseListener.prototype._getSecurityInfo<@resource://devtools/server/actors/network-monitor/network-response-listener.js:301:26\nexports.makeInfallible/<@resource://devtools/shared/ThreadSafeDevToolsUtils.js:109:22\nonStartRequest@resource://devtools/server/actors/network-monitor/network-response-listener.js:209:10\nLine: 301, column: 0"
Handler function threw an exception: [Exception... "Component returned failure code: 0x80040111 (NS_ERROR_NOT_AVAILABLE) [nsICacheInfoChannel.isRacing]"  nsresult: "0x80040111 (NS_ERROR_NOT_AVAILABLE)"  location: "JS frame :: resource://devtools/server/actors/network-monitor/network-response-listener.js :: NetworkResponseListener.prototype._getSecurityInfo< :: line 301"  data: no]
Stack: NetworkResponseListener.prototype._getSecurityInfo<@resource://devtools/server/actors/network-monitor/network-response-listener.js:301:26
exports.makeInfallible/<@resource://devtools/shared/ThreadSafeDevToolsUtils.js:109:22
onStartRequest@resource://devtools/server/actors/network-monitor/network-response-listener.js:209:10
Line: 301, column: 0
console.error: "Handler function threw an exception: [Exception... \"Component returned failure code: 0x80040111 (NS_ERROR_NOT_AVAILABLE) [nsICacheInfoChannel.isRacing]\"  nsresult: \"0x80040111 (NS_ERROR_NOT_AVAILABLE)\"  location: \"JS frame :: resource://devtools/server/actors/network-monitor/network-response-listener.js :: NetworkResponseListener.prototype._getSecurityInfo< :: line 301\"  data: no]\nStack: NetworkResponseListener.prototype._getSecurityInfo<@resource://devtools/server/actors/network-monitor/network-response-listener.js:301:26\nexports.makeInfallible/<@resource://devtools/shared/ThreadSafeDevToolsUtils.js:109:22\nonStartRequest@resource://devtools/server/actors/network-monitor/network-response-listener.js:209:10\nLine: 301, column: 0"
Handler function threw an exception: [Exception... "Component returned failure code: 0x80040111 (NS_ERROR_NOT_AVAILABLE) [nsICacheInfoChannel.isRacing]"  nsresult: "0x80040111 (NS_ERROR_NOT_AVAILABLE)"  location: "JS frame :: resource://devtools/server/actors/network-monitor/network-response-listener.js :: NetworkResponseListener.prototype._getSecurityInfo< :: line 301"  data: no]
Stack: NetworkResponseListener.prototype._getSecurityInfo<@resource://devtools/server/actors/network-monitor/network-response-listener.js:301:26
exports.makeInfallible/<@resource://devtools/shared/ThreadSafeDevToolsUtils.js:109:22
onStartRequest@resource://devtools/server/actors/network-monitor/network-response-listener.js:209:10
Line: 301, column: 0
console.error: "Handler function threw an exception: [Exception... \"Component returned failure code: 0x80040111 (NS_ERROR_NOT_AVAILABLE) [nsICacheInfoChannel.isRacing]\"  nsresult: \"0x80040111 (NS_ERROR_NOT_AVAILABLE)\"  location: \"JS frame :: resource://devtools/server/actors/network-monitor/network-response-listener.js :: NetworkResponseListener.prototype._getSecurityInfo< :: line 301\"  data: no]\nStack: NetworkResponseListener.prototype._getSecurityInfo<@resource://devtools/server/actors/network-monitor/network-response-listener.js:301:26\nexports.makeInfallible/<@resource://devtools/shared/ThreadSafeDevToolsUtils.js:109:22\nonStartRequest@resource://devtools/server/actors/network-monitor/network-response-listener.js:209:10\nLine: 301, column: 0"
Handler function threw an exception: [Exception... "Component returned failure code: 0x80040111 (NS_ERROR_NOT_AVAILABLE) [nsICacheInfoChannel.isRacing]"  nsresult: "0x80040111 (NS_ERROR_NOT_AVAILABLE)"  location: "JS frame :: resource://devtools/server/actors/network-monitor/network-response-listener.js :: NetworkResponseListener.prototype._getSecurityInfo< :: line 301"  data: no]
Stack: NetworkResponseListener.prototype._getSecurityInfo<@resource://devtools/server/actors/network-monitor/network-response-listener.js:301:26
exports.makeInfallible/<@resource://devtools/shared/ThreadSafeDevToolsUtils.js:109:22
onStartRequest@resource://devtools/server/actors/network-monitor/network-response-listener.js:209:10
Line: 301, column: 0
console.error: "Handler function threw an exception: [Exception... \"Component returned failure code: 0x80040111 (NS_ERROR_NOT_AVAILABLE) [nsICacheInfoChannel.isRacing]\"  nsresult: \"0x80040111 (NS_ERROR_NOT_AVAILABLE)\"  location: \"JS frame :: resource://devtools/server/actors/network-monitor/network-response-listener.js :: NetworkResponseListener.prototype._getSecurityInfo< :: line 301\"  data: no]\nStack: NetworkResponseListener.prototype._getSecurityInfo<@resource://devtools/server/actors/network-monitor/network-response-listener.js:301:26\nexports.makeInfallible/<@resource://devtools/shared/ThreadSafeDevToolsUtils.js:109:22\nonStartRequest@resource://devtools/server/actors/network-monitor/network-response-listener.js:209:10\nLine: 301, column: 0"
Handler function threw an exception: [Exception... "Component returned failure code: 0x80040111 (NS_ERROR_NOT_AVAILABLE) [nsICacheInfoChannel.isRacing]"  nsresult: "0x80040111 (NS_ERROR_NOT_AVAILABLE)"  location: "JS frame :: resource://devtools/server/actors/network-monitor/network-response-listener.js :: NetworkResponseListener.prototype._getSecurityInfo< :: line 301"  data: no]
Stack: NetworkResponseListener.prototype._getSecurityInfo<@resource://devtools/server/actors/network-monitor/network-response-listener.js:301:26
exports.makeInfallible/<@resource://devtools/shared/ThreadSafeDevToolsUtils.js:109:22
onStartRequest@resource://devtools/server/actors/network-monitor/network-response-listener.js:209:10
Line: 301, column: 0
console.error: "Handler function threw an exception: [Exception... \"Component returned failure code: 0x80040111 (NS_ERROR_NOT_AVAILABLE) [nsICacheInfoChannel.isRacing]\"  nsresult: \"0x80040111 (NS_ERROR_NOT_AVAILABLE)\"  location: \"JS frame :: resource://devtools/server/actors/network-monitor/network-response-listener.js :: NetworkResponseListener.prototype._getSecurityInfo< :: line 301\"  data: no]\nStack: NetworkResponseListener.prototype._getSecurityInfo<@resource://devtools/server/actors/network-monitor/network-response-listener.js:301:26\nexports.makeInfallible/<@resource://devtools/shared/ThreadSafeDevToolsUtils.js:109:22\nonStartRequest@resource://devtools/server/actors/network-monitor/network-response-listener.js:209:10\nLine: 301, column: 0"
Handler function threw an exception: [Exception... "Component returned failure code: 0x80040111 (NS_ERROR_NOT_AVAILABLE) [nsICacheInfoChannel.isRacing]"  nsresult: "0x80040111 (NS_ERROR_NOT_AVAILABLE)"  location: "JS frame :: resource://devtools/server/actors/network-monitor/network-response-listener.js :: NetworkResponseListener.prototype._getSecurityInfo< :: line 301"  data: no]
Stack: NetworkResponseListener.prototype._getSecurityInfo<@resource://devtools/server/actors/network-monitor/network-response-listener.js:301:26
exports.makeInfallible/<@resource://devtools/shared/ThreadSafeDevToolsUtils.js:109:22
onStartRequest@resource://devtools/server/actors/network-monitor/network-response-listener.js:209:10
Line: 301, column: 0
console.error: "Handler function threw an exception: [Exception... \"Component returned failure code: 0x80040111 (NS_ERROR_NOT_AVAILABLE) [nsICacheInfoChannel.isRacing]\"  nsresult: \"0x80040111 (NS_ERROR_NOT_AVAILABLE)\"  location: \"JS frame :: resource://devtools/server/actors/network-monitor/network-response-listener.js :: NetworkResponseListener.prototype._getSecurityInfo< :: line 301\"  data: no]\nStack: NetworkResponseListener.prototype._getSecurityInfo<@resource://devtools/server/actors/network-monitor/network-response-listener.js:301:26\nexports.makeInfallible/<@resource://devtools/shared/ThreadSafeDevToolsUtils.js:109:22\nonStartRequest@resource://devtools/server/actors/network-monitor/network-response-listener.js:209:10\nLine: 301, column: 0"
Handler function threw an exception: [Exception... "Component returned failure code: 0x80040111 (NS_ERROR_NOT_AVAILABLE) [nsICacheInfoChannel.isRacing]"  nsresult: "0x80040111 (NS_ERROR_NOT_AVAILABLE)"  location: "JS frame :: resource://devtools/server/actors/network-monitor/network-response-listener.js :: NetworkResponseListener.prototype._getSecurityInfo< :: line 301"  data: no]
Stack: NetworkResponseListener.prototype._getSecurityInfo<@resource://devtools/server/actors/network-monitor/network-response-listener.js:301:26
exports.makeInfallible/<@resource://devtools/shared/ThreadSafeDevToolsUtils.js:109:22
onStartRequest@resource://devtools/server/actors/network-monitor/network-response-listener.js:209:10
Line: 301, column: 0
console.error: "Handler function threw an exception: [Exception... \"Component returned failure code: 0x80040111 (NS_ERROR_NOT_AVAILABLE) [nsICacheInfoChannel.isRacing]\"  nsresult: \"0x80040111 (NS_ERROR_NOT_AVAILABLE)\"  location: \"JS frame :: resource://devtools/server/actors/network-monitor/network-response-listener.js :: NetworkResponseListener.prototype._getSecurityInfo< :: line 301\"  data: no]\nStack: NetworkResponseListener.prototype._getSecurityInfo<@resource://devtools/server/actors/network-monitor/network-response-listener.js:301:26\nexports.makeInfallible/<@resource://devtools/shared/ThreadSafeDevToolsUtils.js:109:22\nonStartRequest@resource://devtools/server/actors/network-monitor/network-response-listener.js:209:10\nLine: 301, column: 0"
Handler function threw an exception: [Exception... "Component returned failure code: 0x80040111 (NS_ERROR_NOT_AVAILABLE) [nsICacheInfoChannel.isRacing]"  nsresult: "0x80040111 (NS_ERROR_NOT_AVAILABLE)"  location: "JS frame :: resource://devtools/server/actors/network-monitor/network-response-listener.js :: NetworkResponseListener.prototype._getSecurityInfo< :: line 301"  data: no]
Stack: NetworkResponseListener.prototype._getSecurityInfo<@resource://devtools/server/actors/network-monitor/network-response-listener.js:301:26
exports.makeInfallible/<@resource://devtools/shared/ThreadSafeDevToolsUtils.js:109:22
onStartRequest@resource://devtools/server/actors/network-monitor/network-response-listener.js:209:10
Line: 301, column: 0
console.error: "Handler function threw an exception: [Exception... \"Component returned failure code: 0x80040111 (NS_ERROR_NOT_AVAILABLE) [nsICacheInfoChannel.isRacing]\"  nsresult: \"0x80040111 (NS_ERROR_NOT_AVAILABLE)\"  location: \"JS frame :: resource://devtools/server/actors/network-monitor/network-response-listener.js :: NetworkResponseListener.prototype._getSecurityInfo< :: line 301\"  data: no]\nStack: NetworkResponseListener.prototype._getSecurityInfo<@resource://devtools/server/actors/network-monitor/network-response-listener.js:301:26\nexports.makeInfallible/<@resource://devtools/shared/ThreadSafeDevToolsUtils.js:109:22\nonStartRequest@resource://devtools/server/actors/network-monitor/network-response-listener.js:209:10\nLine: 301, column: 0"
Handler function threw an exception: [Exception... "Component returned failure code: 0x80040111 (NS_ERROR_NOT_AVAILABLE) [nsICacheInfoChannel.isRacing]"  nsresult: "0x80040111 (NS_ERROR_NOT_AVAILABLE)"  location: "JS frame :: resource://devtools/server/actors/network-monitor/network-response-listener.js :: NetworkResponseListener.prototype._getSecurityInfo< :: line 301"  data: no]
Stack: NetworkResponseListener.prototype._getSecurityInfo<@resource://devtools/server/actors/network-monitor/network-response-listener.js:301:26
exports.makeInfallible/<@resource://devtools/shared/ThreadSafeDevToolsUtils.js:109:22
onStartRequest@resource://devtools/server/actors/network-monitor/network-response-listener.js:209:10
Line: 301, column: 0
console.error: "Handler function threw an exception: [Exception... \"Component returned failure code: 0x80040111 (NS_ERROR_NOT_AVAILABLE) [nsICacheInfoChannel.isRacing]\"  nsresult: \"0x80040111 (NS_ERROR_NOT_AVAILABLE)\"  location: \"JS frame :: resource://devtools/server/actors/network-monitor/network-response-listener.js :: NetworkResponseListener.prototype._getSecurityInfo< :: line 301\"  data: no]\nStack: NetworkResponseListener.prototype._getSecurityInfo<@resource://devtools/server/actors/network-monitor/network-response-listener.js:301:26\nexports.makeInfallible/<@resource://devtools/shared/ThreadSafeDevToolsUtils.js:109:22\nonStartRequest@resource://devtools/server/actors/network-monitor/network-response-listener.js:209:10\nLine: 301, column: 0"
Handler function threw an exception: [Exception... "Component returned failure code: 0x80040111 (NS_ERROR_NOT_AVAILABLE) [nsICacheInfoChannel.isRacing]"  nsresult: "0x80040111 (NS_ERROR_NOT_AVAILABLE)"  location: "JS frame :: resource://devtools/server/actors/network-monitor/network-response-listener.js :: NetworkResponseListener.prototype._getSecurityInfo< :: line 301"  data: no]
Stack: NetworkResponseListener.prototype._getSecurityInfo<@resource://devtools/server/actors/network-monitor/network-response-listener.js:301:26
exports.makeInfallible/<@resource://devtools/shared/ThreadSafeDevToolsUtils.js:109:22
onStartRequest@resource://devtools/server/actors/network-monitor/network-response-listener.js:209:10
Line: 301, column: 0
console.error: "Handler function threw an exception: [Exception... \"Component returned failure code: 0x80040111 (NS_ERROR_NOT_AVAILABLE) [nsICacheInfoChannel.isRacing]\"  nsresult: \"0x80040111 (NS_ERROR_NOT_AVAILABLE)\"  location: \"JS frame :: resource://devtools/server/actors/network-monitor/network-response-listener.js :: NetworkResponseListener.prototype._getSecurityInfo< :: line 301\"  data: no]\nStack: NetworkResponseListener.prototype._getSecurityInfo<@resource://devtools/server/actors/network-monitor/network-response-listener.js:301:26\nexports.makeInfallible/<@resource://devtools/shared/ThreadSafeDevToolsUtils.js:109:22\nonStartRequest@resource://devtools/server/actors/network-monitor/network-response-listener.js:209:10\nLine: 301, column: 0"
Handler function threw an exception: [Exception... "Component returned failure code: 0x80040111 (NS_ERROR_NOT_AVAILABLE) [nsICacheInfoChannel.isRacing]"  nsresult: "0x80040111 (NS_ERROR_NOT_AVAILABLE)"  location: "JS frame :: resource://devtools/server/actors/network-monitor/network-response-listener.js :: NetworkResponseListener.prototype._getSecurityInfo< :: line 301"  data: no]
Stack: NetworkResponseListener.prototype._getSecurityInfo<@resource://devtools/server/actors/network-monitor/network-response-listener.js:301:26
exports.makeInfallible/<@resource://devtools/shared/ThreadSafeDevToolsUtils.js:109:22
onStartRequest@resource://devtools/server/actors/network-monitor/network-response-listener.js:209:10
Line: 301, column: 0
console.error: "Handler function threw an exception: [Exception... \"Component returned failure code: 0x80040111 (NS_ERROR_NOT_AVAILABLE) [nsICacheInfoChannel.isRacing]\"  nsresult: \"0x80040111 (NS_ERROR_NOT_AVAILABLE)\"  location: \"JS frame :: resource://devtools/server/actors/network-monitor/network-response-listener.js :: NetworkResponseListener.prototype._getSecurityInfo< :: line 301\"  data: no]\nStack: NetworkResponseListener.prototype._getSecurityInfo<@resource://devtools/server/actors/network-monitor/network-response-listener.js:301:26\nexports.makeInfallible/<@resource://devtools/shared/ThreadSafeDevToolsUtils.js:109:22\nonStartRequest@resource://devtools/server/actors/network-monitor/network-response-listener.js:209:10\nLine: 301, column: 0"
Handler function threw an exception: [Exception... "Component returned failure code: 0x80040111 (NS_ERROR_NOT_AVAILABLE) [nsICacheInfoChannel.isRacing]"  nsresult: "0x80040111 (NS_ERROR_NOT_AVAILABLE)"  location: "JS frame :: resource://devtools/server/actors/network-monitor/network-response-listener.js :: NetworkResponseListener.prototype._getSecurityInfo< :: line 301"  data: no]
Stack: NetworkResponseListener.prototype._getSecurityInfo<@resource://devtools/server/actors/network-monitor/network-response-listener.js:301:26
exports.makeInfallible/<@resource://devtools/shared/ThreadSafeDevToolsUtils.js:109:22
onStartRequest@resource://devtools/server/actors/network-monitor/network-response-listener.js:209:10
Line: 301, column: 0
console.error: "Handler function threw an exception: [Exception... \"Component returned failure code: 0x80040111 (NS_ERROR_NOT_AVAILABLE) [nsICacheInfoChannel.isRacing]\"  nsresult: \"0x80040111 (NS_ERROR_NOT_AVAILABLE)\"  location: \"JS frame :: resource://devtools/server/actors/network-monitor/network-response-listener.js :: NetworkResponseListener.prototype._getSecurityInfo< :: line 301\"  data: no]\nStack: NetworkResponseListener.prototype._getSecurityInfo<@resource://devtools/server/actors/network-monitor/network-response-listener.js:301:26\nexports.makeInfallible/<@resource://devtools/shared/ThreadSafeDevToolsUtils.js:109:22\nonStartRequest@resource://devtools/server/actors/network-monitor/network-response-listener.js:209:10\nLine: 301, column: 0"
Handler function threw an exception: [Exception... "Component returned failure code: 0x80040111 (NS_ERROR_NOT_AVAILABLE) [nsICacheInfoChannel.isRacing]"  nsresult: "0x80040111 (NS_ERROR_NOT_AVAILABLE)"  location: "JS frame :: resource://devtools/server/actors/network-monitor/network-response-listener.js :: NetworkResponseListener.prototype._getSecurityInfo< :: line 301"  data: no]
Stack: NetworkResponseListener.prototype._getSecurityInfo<@resource://devtools/server/actors/network-monitor/network-response-listener.js:301:26
exports.makeInfallible/<@resource://devtools/shared/ThreadSafeDevToolsUtils.js:109:22
onStartRequest@resource://devtools/server/actors/network-monitor/network-response-listener.js:209:10
Line: 301, column: 0
console.error: "Handler function threw an exception: [Exception... \"Component returned failure code: 0x80040111 (NS_ERROR_NOT_AVAILABLE) [nsICacheInfoChannel.isRacing]\"  nsresult: \"0x80040111 (NS_ERROR_NOT_AVAILABLE)\"  location: \"JS frame :: resource://devtools/server/actors/network-monitor/network-response-listener.js :: NetworkResponseListener.prototype._getSecurityInfo< :: line 301\"  data: no]\nStack: NetworkResponseListener.prototype._getSecurityInfo<@resource://devtools/server/actors/network-monitor/network-response-listener.js:301:26\nexports.makeInfallible/<@resource://devtools/shared/ThreadSafeDevToolsUtils.js:109:22\nonStartRequest@resource://devtools/server/actors/network-monitor/network-response-listener.js:209:10\nLine: 301, column: 0"
Handler function threw an exception: [Exception... "Component returned failure code: 0x80040111 (NS_ERROR_NOT_AVAILABLE) [nsICacheInfoChannel.isRacing]"  nsresult: "0x80040111 (NS_ERROR_NOT_AVAILABLE)"  location: "JS frame :: resource://devtools/server/actors/network-monitor/network-response-listener.js :: NetworkResponseListener.prototype._getSecurityInfo< :: line 301"  data: no]
Stack: NetworkResponseListener.prototype._getSecurityInfo<@resource://devtools/server/actors/network-monitor/network-response-listener.js:301:26
exports.makeInfallible/<@resource://devtools/shared/ThreadSafeDevToolsUtils.js:109:22
onStartRequest@resource://devtools/server/actors/network-monitor/network-response-listener.js:209:10
Line: 301, column: 0
console.error: "Handler function threw an exception: [Exception... \"Component returned failure code: 0x80040111 (NS_ERROR_NOT_AVAILABLE) [nsICacheInfoChannel.isRacing]\"  nsresult: \"0x80040111 (NS_ERROR_NOT_AVAILABLE)\"  location: \"JS frame :: resource://devtools/server/actors/network-monitor/network-response-listener.js :: NetworkResponseListener.prototype._getSecurityInfo< :: line 301\"  data: no]\nStack: NetworkResponseListener.prototype._getSecurityInfo<@resource://devtools/server/actors/network-monitor/network-response-listener.js:301:26\nexports.makeInfallible/<@resource://devtools/shared/ThreadSafeDevToolsUtils.js:109:22\nonStartRequest@resource://devtools/server/actors/network-monitor/network-response-listener.js:209:10\nLine: 301, column: 0"
Handler function threw an exception: [Exception... "Component returned failure code: 0x80040111 (NS_ERROR_NOT_AVAILABLE) [nsICacheInfoChannel.isRacing]"  nsresult: "0x80040111 (NS_ERROR_NOT_AVAILABLE)"  location: "JS frame :: resource://devtools/server/actors/network-monitor/network-response-listener.js :: NetworkResponseListener.prototype._getSecurityInfo< :: line 301"  data: no]
Stack: NetworkResponseListener.prototype._getSecurityInfo<@resource://devtools/server/actors/network-monitor/network-response-listener.js:301:26
exports.makeInfallible/<@resource://devtools/shared/ThreadSafeDevToolsUtils.js:109:22
onStartRequest@resource://devtools/server/actors/network-monitor/network-response-listener.js:209:10
Line: 301, column: 0
console.error: "Handler function threw an exception: [Exception... \"Component returned failure code: 0x80040111 (NS_ERROR_NOT_AVAILABLE) [nsICacheInfoChannel.isRacing]\"  nsresult: \"0x80040111 (NS_ERROR_NOT_AVAILABLE)\"  location: \"JS frame :: resource://devtools/server/actors/network-monitor/network-response-listener.js :: NetworkResponseListener.prototype._getSecurityInfo< :: line 301\"  data: no]\nStack: NetworkResponseListener.prototype._getSecurityInfo<@resource://devtools/server/actors/network-monitor/network-response-listener.js:301:26\nexports.makeInfallible/<@resource://devtools/shared/ThreadSafeDevToolsUtils.js:109:22\nonStartRequest@resource://devtools/server/actors/network-monitor/network-response-listener.js:209:10\nLine: 301, column: 0"
Handler function threw an exception: [Exception... "Component returned failure code: 0x80040111 (NS_ERROR_NOT_AVAILABLE) [nsICacheInfoChannel.isRacing]"  nsresult: "0x80040111 (NS_ERROR_NOT_AVAILABLE)"  location: "JS frame :: resource://devtools/server/actors/network-monitor/network-response-listener.js :: NetworkResponseListener.prototype._getSecurityInfo< :: line 301"  data: no]
Stack: NetworkResponseListener.prototype._getSecurityInfo<@resource://devtools/server/actors/network-monitor/network-response-listener.js:301:26
exports.makeInfallible/<@resource://devtools/shared/ThreadSafeDevToolsUtils.js:109:22
onStartRequest@resource://devtools/server/actors/network-monitor/network-response-listener.js:209:10
Line: 301, column: 0
console.error: "Handler function threw an exception: [Exception... \"Component returned failure code: 0x80040111 (NS_ERROR_NOT_AVAILABLE) [nsICacheInfoChannel.isRacing]\"  nsresult: \"0x80040111 (NS_ERROR_NOT_AVAILABLE)\"  location: \"JS frame :: resource://devtools/server/actors/network-monitor/network-response-listener.js :: NetworkResponseListener.prototype._getSecurityInfo< :: line 301\"  data: no]\nStack: NetworkResponseListener.prototype._getSecurityInfo<@resource://devtools/server/actors/network-monitor/network-response-listener.js:301:26\nexports.makeInfallible/<@resource://devtools/shared/ThreadSafeDevToolsUtils.js:109:22\nonStartRequest@resource://devtools/server/actors/network-monitor/network-response-listener.js:209:10\nLine: 301, column: 0"
Handler function threw an exception: [Exception... "Component returned failure code: 0x80040111 (NS_ERROR_NOT_AVAILABLE) [nsICacheInfoChannel.isRacing]"  nsresult: "0x80040111 (NS_ERROR_NOT_AVAILABLE)"  location: "JS frame :: resource://devtools/server/actors/network-monitor/network-response-listener.js :: NetworkResponseListener.prototype._getSecurityInfo< :: line 301"  data: no]
Stack: NetworkResponseListener.prototype._getSecurityInfo<@resource://devtools/server/actors/network-monitor/network-response-listener.js:301:26
exports.makeInfallible/<@resource://devtools/shared/ThreadSafeDevToolsUtils.js:109:22
onStartRequest@resource://devtools/server/actors/network-monitor/network-response-listener.js:209:10
Line: 301, column: 0
console.error: "Handler function threw an exception: [Exception... \"Component returned failure code: 0x80040111 (NS_ERROR_NOT_AVAILABLE) [nsICacheInfoChannel.isRacing]\"  nsresult: \"0x80040111 (NS_ERROR_NOT_AVAILABLE)\"  location: \"JS frame :: resource://devtools/server/actors/network-monitor/network-response-listener.js :: NetworkResponseListener.prototype._getSecurityInfo< :: line 301\"  data: no]\nStack: NetworkResponseListener.prototype._getSecurityInfo<@resource://devtools/server/actors/network-monitor/network-response-listener.js:301:26\nexports.makeInfallible/<@resource://devtools/shared/ThreadSafeDevToolsUtils.js:109:22\nonStartRequest@resource://devtools/server/actors/network-monitor/network-response-listener.js:209:10\nLine: 301, column: 0"
Handler function threw an exception: [Exception... "Component returned failure code: 0x80040111 (NS_ERROR_NOT_AVAILABLE) [nsICacheInfoChannel.isRacing]"  nsresult: "0x80040111 (NS_ERROR_NOT_AVAILABLE)"  location: "JS frame :: resource://devtools/server/actors/network-monitor/network-response-listener.js :: NetworkResponseListener.prototype._getSecurityInfo< :: line 301"  data: no]
Stack: NetworkResponseListener.prototype._getSecurityInfo<@resource://devtools/server/actors/network-monitor/network-response-listener.js:301:26
exports.makeInfallible/<@resource://devtools/shared/ThreadSafeDevToolsUtils.js:109:22
onStartRequest@resource://devtools/server/actors/network-monitor/network-response-listener.js:209:10
Line: 301, column: 0
console.error: "Handler function threw an exception: [Exception... \"Component returned failure code: 0x80040111 (NS_ERROR_NOT_AVAILABLE) [nsICacheInfoChannel.isRacing]\"  nsresult: \"0x80040111 (NS_ERROR_NOT_AVAILABLE)\"  location: \"JS frame :: resource://devtools/server/actors/network-monitor/network-response-listener.js :: NetworkResponseListener.prototype._getSecurityInfo< :: line 301\"  data: no]\nStack: NetworkResponseListener.prototype._getSecurityInfo<@resource://devtools/server/actors/network-monitor/network-response-listener.js:301:26\nexports.makeInfallible/<@resource://devtools/shared/ThreadSafeDevToolsUtils.js:109:22\nonStartRequest@resource://devtools/server/actors/network-monitor/network-response-listener.js:209:10\nLine: 301, column: 0"
Handler function threw an exception: [Exception... "Component returned failure code: 0x80040111 (NS_ERROR_NOT_AVAILABLE) [nsICacheInfoChannel.isRacing]"  nsresult: "0x80040111 (NS_ERROR_NOT_AVAILABLE)"  location: "JS frame :: resource://devtools/server/actors/network-monitor/network-response-listener.js :: NetworkResponseListener.prototype._getSecurityInfo< :: line 301"  data: no]
Stack: NetworkResponseListener.prototype._getSecurityInfo<@resource://devtools/server/actors/network-monitor/network-response-listener.js:301:26
exports.makeInfallible/<@resource://devtools/shared/ThreadSafeDevToolsUtils.js:109:22
onStartRequest@resource://devtools/server/actors/network-monitor/network-response-listener.js:209:10
Line: 301, column: 0
console.error: "Handler function threw an exception: [Exception... \"Component returned failure code: 0x80040111 (NS_ERROR_NOT_AVAILABLE) [nsICacheInfoChannel.isRacing]\"  nsresult: \"0x80040111 (NS_ERROR_NOT_AVAILABLE)\"  location: \"JS frame :: resource://devtools/server/actors/network-monitor/network-response-listener.js :: NetworkResponseListener.prototype._getSecurityInfo< :: line 301\"  data: no]\nStack: NetworkResponseListener.prototype._getSecurityInfo<@resource://devtools/server/actors/network-monitor/network-response-listener.js:301:26\nexports.makeInfallible/<@resource://devtools/shared/ThreadSafeDevToolsUtils.js:109:22\nonStartRequest@resource://devtools/server/actors/network-monitor/network-response-listener.js:209:10\nLine: 301, column: 0"
Handler function threw an exception: [Exception... "Component returned failure code: 0x80040111 (NS_ERROR_NOT_AVAILABLE) [nsICacheInfoChannel.isRacing]"  nsresult: "0x80040111 (NS_ERROR_NOT_AVAILABLE)"  location: "JS frame :: resource://devtools/server/actors/network-monitor/network-response-listener.js :: NetworkResponseListener.prototype._getSecurityInfo< :: line 301"  data: no]
Stack: NetworkResponseListener.prototype._getSecurityInfo<@resource://devtools/server/actors/network-monitor/network-response-listener.js:301:26
exports.makeInfallible/<@resource://devtools/shared/ThreadSafeDevToolsUtils.js:109:22
onStartRequest@resource://devtools/server/actors/network-monitor/network-response-listener.js:209:10
Line: 301, column: 0
console.error: "Handler function threw an exception: [Exception... \"Component returned failure code: 0x80040111 (NS_ERROR_NOT_AVAILABLE) [nsICacheInfoChannel.isRacing]\"  nsresult: \"0x80040111 (NS_ERROR_NOT_AVAILABLE)\"  location: \"JS frame :: resource://devtools/server/actors/network-monitor/network-response-listener.js :: NetworkResponseListener.prototype._getSecurityInfo< :: line 301\"  data: no]\nStack: NetworkResponseListener.prototype._getSecurityInfo<@resource://devtools/server/actors/network-monitor/network-response-listener.js:301:26\nexports.makeInfallible/<@resource://devtools/shared/ThreadSafeDevToolsUtils.js:109:22\nonStartRequest@resource://devtools/server/actors/network-monitor/network-response-listener.js:209:10\nLine: 301, column: 0"
Handler function threw an exception: [Exception... "Component returned failure code: 0x80040111 (NS_ERROR_NOT_AVAILABLE) [nsICacheInfoChannel.isRacing]"  nsresult: "0x80040111 (NS_ERROR_NOT_AVAILABLE)"  location: "JS frame :: resource://devtools/server/actors/network-monitor/network-response-listener.js :: NetworkResponseListener.prototype._getSecurityInfo< :: line 301"  data: no]
Stack: NetworkResponseListener.prototype._getSecurityInfo<@resource://devtools/server/actors/network-monitor/network-response-listener.js:301:26
exports.makeInfallible/<@resource://devtools/shared/ThreadSafeDevToolsUtils.js:109:22
onStartRequest@resource://devtools/server/actors/network-monitor/network-response-listener.js:209:10
Line: 301, column: 0
console.error: "Handler function threw an exception: [Exception... \"Component returned failure code: 0x80040111 (NS_ERROR_NOT_AVAILABLE) [nsICacheInfoChannel.isRacing]\"  nsresult: \"0x80040111 (NS_ERROR_NOT_AVAILABLE)\"  location: \"JS frame :: resource://devtools/server/actors/network-monitor/network-response-listener.js :: NetworkResponseListener.prototype._getSecurityInfo< :: line 301\"  data: no]\nStack: NetworkResponseListener.prototype._getSecurityInfo<@resource://devtools/server/actors/network-monitor/network-response-listener.js:301:26\nexports.makeInfallible/<@resource://devtools/shared/ThreadSafeDevToolsUtils.js:109:22\nonStartRequest@resource://devtools/server/actors/network-monitor/network-response-listener.js:209:10\nLine: 301, column: 0"
Handler function threw an exception: [Exception... "Component returned failure code: 0x80040111 (NS_ERROR_NOT_AVAILABLE) [nsICacheInfoChannel.isRacing]"  nsresult: "0x80040111 (NS_ERROR_NOT_AVAILABLE)"  location: "JS frame :: resource://devtools/server/actors/network-monitor/network-response-listener.js :: NetworkResponseListener.prototype._getSecurityInfo< :: line 301"  data: no]
Stack: NetworkResponseListener.prototype._getSecurityInfo<@resource://devtools/server/actors/network-monitor/network-response-listener.js:301:26
exports.makeInfallible/<@resource://devtools/shared/ThreadSafeDevToolsUtils.js:109:22
onStartRequest@resource://devtools/server/actors/network-monitor/network-response-listener.js:209:10
Line: 301, column: 0
console.error: "Handler function threw an exception: [Exception... \"Component returned failure code: 0x80040111 (NS_ERROR_NOT_AVAILABLE) [nsICacheInfoChannel.isRacing]\"  nsresult: \"0x80040111 (NS_ERROR_NOT_AVAILABLE)\"  location: \"JS frame :: resource://devtools/server/actors/network-monitor/network-response-listener.js :: NetworkResponseListener.prototype._getSecurityInfo< :: line 301\"  data: no]\nStack: NetworkResponseListener.prototype._getSecurityInfo<@resource://devtools/server/actors/network-monitor/network-response-listener.js:301:26\nexports.makeInfallible/<@resource://devtools/shared/ThreadSafeDevToolsUtils.js:109:22\nonStartRequest@resource://devtools/server/actors/network-monitor/network-response-listener.js:209:10\nLine: 301, column: 0"
Handler function threw an exception: [Exception... "Component returned failure code: 0x80040111 (NS_ERROR_NOT_AVAILABLE) [nsICacheInfoChannel.isRacing]"  nsresult: "0x80040111 (NS_ERROR_NOT_AVAILABLE)"  location: "JS frame :: resource://devtools/server/actors/network-monitor/network-response-listener.js :: NetworkResponseListener.prototype._getSecurityInfo< :: line 301"  data: no]
Stack: NetworkResponseListener.prototype._getSecurityInfo<@resource://devtools/server/actors/network-monitor/network-response-listener.js:301:26
exports.makeInfallible/<@resource://devtools/shared/ThreadSafeDevToolsUtils.js:109:22
onStartRequest@resource://devtools/server/actors/network-monitor/network-response-listener.js:209:10
Line: 301, column: 0
console.error: "Handler function threw an exception: [Exception... \"Component returned failure code: 0x80040111 (NS_ERROR_NOT_AVAILABLE) [nsICacheInfoChannel.isRacing]\"  nsresult: \"0x80040111 (NS_ERROR_NOT_AVAILABLE)\"  location: \"JS frame :: resource://devtools/server/actors/network-monitor/network-response-listener.js :: NetworkResponseListener.prototype._getSecurityInfo< :: line 301\"  data: no]\nStack: NetworkResponseListener.prototype._getSecurityInfo<@resource://devtools/server/actors/network-monitor/network-response-listener.js:301:26\nexports.makeInfallible/<@resource://devtools/shared/ThreadSafeDevToolsUtils.js:109:22\nonStartRequest@resource://devtools/server/actors/network-monitor/network-response-listener.js:209:10\nLine: 301, column: 0"
Handler function threw an exception: [Exception... "Component returned failure code: 0x80040111 (NS_ERROR_NOT_AVAILABLE) [nsICacheInfoChannel.isRacing]"  nsresult: "0x80040111 (NS_ERROR_NOT_AVAILABLE)"  location: "JS frame :: resource://devtools/server/actors/network-monitor/network-response-listener.js :: NetworkResponseListener.prototype._getSecurityInfo< :: line 301"  data: no]
Stack: NetworkResponseListener.prototype._getSecurityInfo<@resource://devtools/server/actors/network-monitor/network-response-listener.js:301:26
exports.makeInfallible/<@resource://devtools/shared/ThreadSafeDevToolsUtils.js:109:22
onStartRequest@resource://devtools/server/actors/network-monitor/network-response-listener.js:209:10
Line: 301, column: 0
console.error: "Handler function threw an exception: [Exception... \"Component returned failure code: 0x80040111 (NS_ERROR_NOT_AVAILABLE) [nsICacheInfoChannel.isRacing]\"  nsresult: \"0x80040111 (NS_ERROR_NOT_AVAILABLE)\"  location: \"JS frame :: resource://devtools/server/actors/network-monitor/network-response-listener.js :: NetworkResponseListener.prototype._getSecurityInfo< :: line 301\"  data: no]\nStack: NetworkResponseListener.prototype._getSecurityInfo<@resource://devtools/server/actors/network-monitor/network-response-listener.js:301:26\nexports.makeInfallible/<@resource://devtools/shared/ThreadSafeDevToolsUtils.js:109:22\nonStartRequest@resource://devtools/server/actors/network-monitor/network-response-listener.js:209:10\nLine: 301, column: 0"
Handler function threw an exception: [Exception... "Component returned failure code: 0x80040111 (NS_ERROR_NOT_AVAILABLE) [nsICacheInfoChannel.isRacing]"  nsresult: "0x80040111 (NS_ERROR_NOT_AVAILABLE)"  location: "JS frame :: resource://devtools/server/actors/network-monitor/network-response-listener.js :: NetworkResponseListener.prototype._getSecurityInfo< :: line 301"  data: no]
Stack: NetworkResponseListener.prototype._getSecurityInfo<@resource://devtools/server/actors/network-monitor/network-response-listener.js:301:26
exports.makeInfallible/<@resource://devtools/shared/ThreadSafeDevToolsUtils.js:109:22
onStartRequest@resource://devtools/server/actors/network-monitor/network-response-listener.js:209:10
Line: 301, column: 0
console.error: "Handler function threw an exception: [Exception... \"Component returned failure code: 0x80040111 (NS_ERROR_NOT_AVAILABLE) [nsICacheInfoChannel.isRacing]\"  nsresult: \"0x80040111 (NS_ERROR_NOT_AVAILABLE)\"  location: \"JS frame :: resource://devtools/server/actors/network-monitor/network-response-listener.js :: NetworkResponseListener.prototype._getSecurityInfo< :: line 301\"  data: no]\nStack: NetworkResponseListener.prototype._getSecurityInfo<@resource://devtools/server/actors/network-monitor/network-response-listener.js:301:26\nexports.makeInfallible/<@resource://devtools/shared/ThreadSafeDevToolsUtils.js:109:22\nonStartRequest@resource://devtools/server/actors/network-monitor/network-response-listener.js:209:10\nLine: 301, column: 0"
Exiting due to channel error.
[GFX1-]: Receive IPC close with reason=AbnormalShutdown
Exiting due to channel error.
[GFX1-]: Receive IPC close with reason=AbnormalShutdown
Exiting due to channel error.
1565803358078	mozrunner::runner	INFO	Running command: "/Applications/Firefox.app/Contents/MacOS/firefox-bin" "-marionette" "-foreground" "-no-remote" "-profile" "/var/folders/0p/9983bz9s4bzd5n_hzcj8qwtc0000gn/T/rust_mozprofile.khzyYtSIJUnQ"
1565803358677	addons.webextension.screenshots@mozilla.org	WARN	Loading extension 'screenshots@mozilla.org': Reading manifest: Invalid extension permission: mozillaAddons
1565803358677	addons.webextension.screenshots@mozilla.org	WARN	Loading extension 'screenshots@mozilla.org': Reading manifest: Invalid extension permission: telemetry
1565803358677	addons.webextension.screenshots@mozilla.org	WARN	Loading extension 'screenshots@mozilla.org': Reading manifest: Invalid extension permission: resource://pdf.js/
1565803358677	addons.webextension.screenshots@mozilla.org	WARN	Loading extension 'screenshots@mozilla.org': Reading manifest: Invalid extension permission: about:reader*
1565803360276	Marionette	INFO	Listening on port 51122
1565803360329	Marionette	WARN	TLS certificate errors will be ignored for this session
Handler function threw an exception: [Exception... "Component returned failure code: 0x80040111 (NS_ERROR_NOT_AVAILABLE) [nsICacheInfoChannel.isRacing]"  nsresult: "0x80040111 (NS_ERROR_NOT_AVAILABLE)"  location: "JS frame :: resource://devtools/server/actors/network-monitor/network-response-listener.js :: NetworkResponseListener.prototype._getSecurityInfo< :: line 301"  data: no]
Stack: NetworkResponseListener.prototype._getSecurityInfo<@resource://devtools/server/actors/network-monitor/network-response-listener.js:301:26
exports.makeInfallible/<@resource://devtools/shared/ThreadSafeDevToolsUtils.js:109:22
onStartRequest@resource://devtools/server/actors/network-monitor/network-response-listener.js:209:10
Line: 301, column: 0
console.error: "Handler function threw an exception: [Exception... \"Component returned failure code: 0x80040111 (NS_ERROR_NOT_AVAILABLE) [nsICacheInfoChannel.isRacing]\"  nsresult: \"0x80040111 (NS_ERROR_NOT_AVAILABLE)\"  location: \"JS frame :: resource://devtools/server/actors/network-monitor/network-response-listener.js :: NetworkResponseListener.prototype._getSecurityInfo< :: line 301\"  data: no]\nStack: NetworkResponseListener.prototype._getSecurityInfo<@resource://devtools/server/actors/network-monitor/network-response-listener.js:301:26\nexports.makeInfallible/<@resource://devtools/shared/ThreadSafeDevToolsUtils.js:109:22\nonStartRequest@resource://devtools/server/actors/network-monitor/network-response-listener.js:209:10\nLine: 301, column: 0"
Handler function threw an exception: [Exception... "Component returned failure code: 0x80040111 (NS_ERROR_NOT_AVAILABLE) [nsICacheInfoChannel.isRacing]"  nsresult: "0x80040111 (NS_ERROR_NOT_AVAILABLE)"  location: "JS frame :: resource://devtools/server/actors/network-monitor/network-response-listener.js :: NetworkResponseListener.prototype._getSecurityInfo< :: line 301"  data: no]
Stack: NetworkResponseListener.prototype._getSecurityInfo<@resource://devtools/server/actors/network-monitor/network-response-listener.js:301:26
exports.makeInfallible/<@resource://devtools/shared/ThreadSafeDevToolsUtils.js:109:22
onStartRequest@resource://devtools/server/actors/network-monitor/network-response-listener.js:209:10
Line: 301, column: 0
console.error: "Handler function threw an exception: [Exception... \"Component returned failure code: 0x80040111 (NS_ERROR_NOT_AVAILABLE) [nsICacheInfoChannel.isRacing]\"  nsresult: \"0x80040111 (NS_ERROR_NOT_AVAILABLE)\"  location: \"JS frame :: resource://devtools/server/actors/network-monitor/network-response-listener.js :: NetworkResponseListener.prototype._getSecurityInfo< :: line 301\"  data: no]\nStack: NetworkResponseListener.prototype._getSecurityInfo<@resource://devtools/server/actors/network-monitor/network-response-listener.js:301:26\nexports.makeInfallible/<@resource://devtools/shared/ThreadSafeDevToolsUtils.js:109:22\nonStartRequest@resource://devtools/server/actors/network-monitor/network-response-listener.js:209:10\nLine: 301, column: 0"
Handler function threw an exception: [Exception... "Component returned failure code: 0x80040111 (NS_ERROR_NOT_AVAILABLE) [nsICacheInfoChannel.isRacing]"  nsresult: "0x80040111 (NS_ERROR_NOT_AVAILABLE)"  location: "JS frame :: resource://devtools/server/actors/network-monitor/network-response-listener.js :: NetworkResponseListener.prototype._getSecurityInfo< :: line 301"  data: no]
Stack: NetworkResponseListener.prototype._getSecurityInfo<@resource://devtools/server/actors/network-monitor/network-response-listener.js:301:26
exports.makeInfallible/<@resource://devtools/shared/ThreadSafeDevToolsUtils.js:109:22
onStartRequest@resource://devtools/server/actors/network-monitor/network-response-listener.js:209:10
Line: 301, column: 0
console.error: "Handler function threw an exception: [Exception... \"Component returned failure code: 0x80040111 (NS_ERROR_NOT_AVAILABLE) [nsICacheInfoChannel.isRacing]\"  nsresult: \"0x80040111 (NS_ERROR_NOT_AVAILABLE)\"  location: \"JS frame :: resource://devtools/server/actors/network-monitor/network-response-listener.js :: NetworkResponseListener.prototype._getSecurityInfo< :: line 301\"  data: no]\nStack: NetworkResponseListener.prototype._getSecurityInfo<@resource://devtools/server/actors/network-monitor/network-response-listener.js:301:26\nexports.makeInfallible/<@resource://devtools/shared/ThreadSafeDevToolsUtils.js:109:22\nonStartRequest@resource://devtools/server/actors/network-monitor/network-response-listener.js:209:10\nLine: 301, column: 0"
Handler function threw an exception: [Exception... "Component returned failure code: 0x80040111 (NS_ERROR_NOT_AVAILABLE) [nsICacheInfoChannel.isRacing]"  nsresult: "0x80040111 (NS_ERROR_NOT_AVAILABLE)"  location: "JS frame :: resource://devtools/server/actors/network-monitor/network-response-listener.js :: NetworkResponseListener.prototype._getSecurityInfo< :: line 301"  data: no]
Stack: NetworkResponseListener.prototype._getSecurityInfo<@resource://devtools/server/actors/network-monitor/network-response-listener.js:301:26
exports.makeInfallible/<@resource://devtools/shared/ThreadSafeDevToolsUtils.js:109:22
onStartRequest@resource://devtools/server/actors/network-monitor/network-response-listener.js:209:10
Line: 301, column: 0
console.error: "Handler function threw an exception: [Exception... \"Component returned failure code: 0x80040111 (NS_ERROR_NOT_AVAILABLE) [nsICacheInfoChannel.isRacing]\"  nsresult: \"0x80040111 (NS_ERROR_NOT_AVAILABLE)\"  location: \"JS frame :: resource://devtools/server/actors/network-monitor/network-response-listener.js :: NetworkResponseListener.prototype._getSecurityInfo< :: line 301\"  data: no]\nStack: NetworkResponseListener.prototype._getSecurityInfo<@resource://devtools/server/actors/network-monitor/network-response-listener.js:301:26\nexports.makeInfallible/<@resource://devtools/shared/ThreadSafeDevToolsUtils.js:109:22\nonStartRequest@resource://devtools/server/actors/network-monitor/network-response-listener.js:209:10\nLine: 301, column: 0"
Handler function threw an exception: [Exception... "Component returned failure code: 0x80040111 (NS_ERROR_NOT_AVAILABLE) [nsICacheInfoChannel.isRacing]"  nsresult: "0x80040111 (NS_ERROR_NOT_AVAILABLE)"  location: "JS frame :: resource://devtools/server/actors/network-monitor/network-response-listener.js :: NetworkResponseListener.prototype._getSecurityInfo< :: line 301"  data: no]
Stack: NetworkResponseListener.prototype._getSecurityInfo<@resource://devtools/server/actors/network-monitor/network-response-listener.js:301:26
exports.makeInfallible/<@resource://devtools/shared/ThreadSafeDevToolsUtils.js:109:22
onStartRequest@resource://devtools/server/actors/network-monitor/network-response-listener.js:209:10
Line: 301, column: 0
console.error: "Handler function threw an exception: [Exception... \"Component returned failure code: 0x80040111 (NS_ERROR_NOT_AVAILABLE) [nsICacheInfoChannel.isRacing]\"  nsresult: \"0x80040111 (NS_ERROR_NOT_AVAILABLE)\"  location: \"JS frame :: resource://devtools/server/actors/network-monitor/network-response-listener.js :: NetworkResponseListener.prototype._getSecurityInfo< :: line 301\"  data: no]\nStack: NetworkResponseListener.prototype._getSecurityInfo<@resource://devtools/server/actors/network-monitor/network-response-listener.js:301:26\nexports.makeInfallible/<@resource://devtools/shared/ThreadSafeDevToolsUtils.js:109:22\nonStartRequest@resource://devtools/server/actors/network-monitor/network-response-listener.js:209:10\nLine: 301, column: 0"
JavaScript warning: resource:///modules/UrlbarView.jsm, line 123: Array.reduce is deprecated; use Array.prototype.reduce instead
JavaScript error: https://pythonspot.com/js/index.js, line 1: ReferenceError: $ is not defined
2019-08-14 10:27:55.377 firefox-bin[12109:634463] -deltaZ is deprecated for NSEventTypeMagnify.  Please use -magnification.
console.error: BroadcastService: 
  receivedBroadcastMessage: handler for
  remote-settings/monitor_changes
  threw error:
  Message: Error: Polling for changes failed: http://%(server)s/dummy/blocklist//buckets/monitor/collections/changes/records?_expected=%221565740805582%22 is not a valid URL..
  Stack:
    remoteSettingsFunction/remoteSettings.pollChanges@resource://services-settings/remote-settings.js:201:13

Handler function threw an exception: [Exception... "Component returned failure code: 0x80040111 (NS_ERROR_NOT_AVAILABLE) [nsICacheInfoChannel.isRacing]"  nsresult: "0x80040111 (NS_ERROR_NOT_AVAILABLE)"  location: "JS frame :: resource://devtools/server/actors/network-monitor/network-response-listener.js :: NetworkResponseListener.prototype._getSecurityInfo< :: line 301"  data: no]
Stack: NetworkResponseListener.prototype._getSecurityInfo<@resource://devtools/server/actors/network-monitor/network-response-listener.js:301:26
exports.makeInfallible/<@resource://devtools/shared/ThreadSafeDevToolsUtils.js:109:22
onStartRequest@resource://devtools/server/actors/network-monitor/network-response-listener.js:209:10
Line: 301, column: 0
console.error: "Handler function threw an exception: [Exception... \"Component returned failure code: 0x80040111 (NS_ERROR_NOT_AVAILABLE) [nsICacheInfoChannel.isRacing]\"  nsresult: \"0x80040111 (NS_ERROR_NOT_AVAILABLE)\"  location: \"JS frame :: resource://devtools/server/actors/network-monitor/network-response-listener.js :: NetworkResponseListener.prototype._getSecurityInfo< :: line 301\"  data: no]\nStack: NetworkResponseListener.prototype._getSecurityInfo<@resource://devtools/server/actors/network-monitor/network-response-listener.js:301:26\nexports.makeInfallible/<@resource://devtools/shared/ThreadSafeDevToolsUtils.js:109:22\nonStartRequest@resource://devtools/server/actors/network-monitor/network-response-listener.js:209:10\nLine: 301, column: 0"
Handler function threw an exception: [Exception... "Component returned failure code: 0x80040111 (NS_ERROR_NOT_AVAILABLE) [nsICacheInfoChannel.isRacing]"  nsresult: "0x80040111 (NS_ERROR_NOT_AVAILABLE)"  location: "JS frame :: resource://devtools/server/actors/network-monitor/network-response-listener.js :: NetworkResponseListener.prototype._getSecurityInfo< :: line 301"  data: no]
Stack: NetworkResponseListener.prototype._getSecurityInfo<@resource://devtools/server/actors/network-monitor/network-response-listener.js:301:26
exports.makeInfallible/<@resource://devtools/shared/ThreadSafeDevToolsUtils.js:109:22
onStartRequest@resource://devtools/server/actors/network-monitor/network-response-listener.js:209:10
Line: 301, column: 0
console.error: "Handler function threw an exception: [Exception... \"Component returned failure code: 0x80040111 (NS_ERROR_NOT_AVAILABLE) [nsICacheInfoChannel.isRacing]\"  nsresult: \"0x80040111 (NS_ERROR_NOT_AVAILABLE)\"  location: \"JS frame :: resource://devtools/server/actors/network-monitor/network-response-listener.js :: NetworkResponseListener.prototype._getSecurityInfo< :: line 301\"  data: no]\nStack: NetworkResponseListener.prototype._getSecurityInfo<@resource://devtools/server/actors/network-monitor/network-response-listener.js:301:26\nexports.makeInfallible/<@resource://devtools/shared/ThreadSafeDevToolsUtils.js:109:22\nonStartRequest@resource://devtools/server/actors/network-monitor/network-response-listener.js:209:10\nLine: 301, column: 0"
Handler function threw an exception: [Exception... "Component returned failure code: 0x80040111 (NS_ERROR_NOT_AVAILABLE) [nsICacheInfoChannel.isRacing]"  nsresult: "0x80040111 (NS_ERROR_NOT_AVAILABLE)"  location: "JS frame :: resource://devtools/server/actors/network-monitor/network-response-listener.js :: NetworkResponseListener.prototype._getSecurityInfo< :: line 301"  data: no]
Stack: NetworkResponseListener.prototype._getSecurityInfo<@resource://devtools/server/actors/network-monitor/network-response-listener.js:301:26
exports.makeInfallible/<@resource://devtools/shared/ThreadSafeDevToolsUtils.js:109:22
onStartRequest@resource://devtools/server/actors/network-monitor/network-response-listener.js:209:10
Line: 301, column: 0
console.error: "Handler function threw an exception: [Exception... \"Component returned failure code: 0x80040111 (NS_ERROR_NOT_AVAILABLE) [nsICacheInfoChannel.isRacing]\"  nsresult: \"0x80040111 (NS_ERROR_NOT_AVAILABLE)\"  location: \"JS frame :: resource://devtools/server/actors/network-monitor/network-response-listener.js :: NetworkResponseListener.prototype._getSecurityInfo< :: line 301\"  data: no]\nStack: NetworkResponseListener.prototype._getSecurityInfo<@resource://devtools/server/actors/network-monitor/network-response-listener.js:301:26\nexports.makeInfallible/<@resource://devtools/shared/ThreadSafeDevToolsUtils.js:109:22\nonStartRequest@resource://devtools/server/actors/network-monitor/network-response-listener.js:209:10\nLine: 301, column: 0"
Handler function threw an exception: [Exception... "Component returned failure code: 0x80040111 (NS_ERROR_NOT_AVAILABLE) [nsICacheInfoChannel.isRacing]"  nsresult: "0x80040111 (NS_ERROR_NOT_AVAILABLE)"  location: "JS frame :: resource://devtools/server/actors/network-monitor/network-response-listener.js :: NetworkResponseListener.prototype._getSecurityInfo< :: line 301"  data: no]
Stack: NetworkResponseListener.prototype._getSecurityInfo<@resource://devtools/server/actors/network-monitor/network-response-listener.js:301:26
exports.makeInfallible/<@resource://devtools/shared/ThreadSafeDevToolsUtils.js:109:22
onStartRequest@resource://devtools/server/actors/network-monitor/network-response-listener.js:209:10
Line: 301, column: 0
console.error: "Handler function threw an exception: [Exception... \"Component returned failure code: 0x80040111 (NS_ERROR_NOT_AVAILABLE) [nsICacheInfoChannel.isRacing]\"  nsresult: \"0x80040111 (NS_ERROR_NOT_AVAILABLE)\"  location: \"JS frame :: resource://devtools/server/actors/network-monitor/network-response-listener.js :: NetworkResponseListener.prototype._getSecurityInfo< :: line 301\"  data: no]\nStack: NetworkResponseListener.prototype._getSecurityInfo<@resource://devtools/server/actors/network-monitor/network-response-listener.js:301:26\nexports.makeInfallible/<@resource://devtools/shared/ThreadSafeDevToolsUtils.js:109:22\nonStartRequest@resource://devtools/server/actors/network-monitor/network-response-listener.js:209:10\nLine: 301, column: 0"
Handler function threw an exception: [Exception... "Component returned failure code: 0x80040111 (NS_ERROR_NOT_AVAILABLE) [nsICacheInfoChannel.isRacing]"  nsresult: "0x80040111 (NS_ERROR_NOT_AVAILABLE)"  location: "JS frame :: resource://devtools/server/actors/network-monitor/network-response-listener.js :: NetworkResponseListener.prototype._getSecurityInfo< :: line 301"  data: no]
Stack: NetworkResponseListener.prototype._getSecurityInfo<@resource://devtools/server/actors/network-monitor/network-response-listener.js:301:26
exports.makeInfallible/<@resource://devtools/shared/ThreadSafeDevToolsUtils.js:109:22
onStartRequest@resource://devtools/server/actors/network-monitor/network-response-listener.js:209:10
Line: 301, column: 0
console.error: "Handler function threw an exception: [Exception... \"Component returned failure code: 0x80040111 (NS_ERROR_NOT_AVAILABLE) [nsICacheInfoChannel.isRacing]\"  nsresult: \"0x80040111 (NS_ERROR_NOT_AVAILABLE)\"  location: \"JS frame :: resource://devtools/server/actors/network-monitor/network-response-listener.js :: NetworkResponseListener.prototype._getSecurityInfo< :: line 301\"  data: no]\nStack: NetworkResponseListener.prototype._getSecurityInfo<@resource://devtools/server/actors/network-monitor/network-response-listener.js:301:26\nexports.makeInfallible/<@resource://devtools/shared/ThreadSafeDevToolsUtils.js:109:22\nonStartRequest@resource://devtools/server/actors/network-monitor/network-response-listener.js:209:10\nLine: 301, column: 0"
Handler function threw an exception: [Exception... "Component returned failure code: 0x80040111 (NS_ERROR_NOT_AVAILABLE) [nsICacheInfoChannel.isRacing]"  nsresult: "0x80040111 (NS_ERROR_NOT_AVAILABLE)"  location: "JS frame :: resource://devtools/server/actors/network-monitor/network-response-listener.js :: NetworkResponseListener.prototype._getSecurityInfo< :: line 301"  data: no]
Stack: NetworkResponseListener.prototype._getSecurityInfo<@resource://devtools/server/actors/network-monitor/network-response-listener.js:301:26
exports.makeInfallible/<@resource://devtools/shared/ThreadSafeDevToolsUtils.js:109:22
onStartRequest@resource://devtools/server/actors/network-monitor/network-response-listener.js:209:10
Line: 301, column: 0
console.error: "Handler function threw an exception: [Exception... \"Component returned failure code: 0x80040111 (NS_ERROR_NOT_AVAILABLE) [nsICacheInfoChannel.isRacing]\"  nsresult: \"0x80040111 (NS_ERROR_NOT_AVAILABLE)\"  location: \"JS frame :: resource://devtools/server/actors/network-monitor/network-response-listener.js :: NetworkResponseListener.prototype._getSecurityInfo< :: line 301\"  data: no]\nStack: NetworkResponseListener.prototype._getSecurityInfo<@resource://devtools/server/actors/network-monitor/network-response-listener.js:301:26\nexports.makeInfallible/<@resource://devtools/shared/ThreadSafeDevToolsUtils.js:109:22\nonStartRequest@resource://devtools/server/actors/network-monitor/network-response-listener.js:209:10\nLine: 301, column: 0"
Exiting due to channel error.
[GFX1-]: Receive IPC close with reason=AbnormalShutdown
[Child 12113, Chrome_ChildThread] WARNING: pipe error: Broken pipe: file /builds/worker/workspace/build/src/ipc/chromium/src/chrome/common/ipc_channel_posix.cc, line 727
Exiting due to channel error.
Exiting due to channel error.
[GFX1-]: Receive IPC close with reason=AbnormalShutdown
Exiting due to channel error.
1565804182169	mozrunner::runner	INFO	Running command: "/Applications/Firefox.app/Contents/MacOS/firefox-bin" "-marionette" "-foreground" "-no-remote" "-profile" "/var/folders/0p/9983bz9s4bzd5n_hzcj8qwtc0000gn/T/rust_mozprofile.hFkzr8hAdLCD"
1565804182750	addons.webextension.screenshots@mozilla.org	WARN	Loading extension 'screenshots@mozilla.org': Reading manifest: Invalid extension permission: mozillaAddons
1565804182750	addons.webextension.screenshots@mozilla.org	WARN	Loading extension 'screenshots@mozilla.org': Reading manifest: Invalid extension permission: telemetry
1565804182750	addons.webextension.screenshots@mozilla.org	WARN	Loading extension 'screenshots@mozilla.org': Reading manifest: Invalid extension permission: resource://pdf.js/
1565804182750	addons.webextension.screenshots@mozilla.org	WARN	Loading extension 'screenshots@mozilla.org': Reading manifest: Invalid extension permission: about:reader*
1565804184468	Marionette	INFO	Listening on port 51375
1565804184507	Marionette	WARN	TLS certificate errors will be ignored for this session
Handler function threw an exception: [Exception... "Component returned failure code: 0x80040111 (NS_ERROR_NOT_AVAILABLE) [nsICacheInfoChannel.isRacing]"  nsresult: "0x80040111 (NS_ERROR_NOT_AVAILABLE)"  location: "JS frame :: resource://devtools/server/actors/network-monitor/network-response-listener.js :: NetworkResponseListener.prototype._getSecurityInfo< :: line 301"  data: no]
Stack: NetworkResponseListener.prototype._getSecurityInfo<@resource://devtools/server/actors/network-monitor/network-response-listener.js:301:26
exports.makeInfallible/<@resource://devtools/shared/ThreadSafeDevToolsUtils.js:109:22
onStartRequest@resource://devtools/server/actors/network-monitor/network-response-listener.js:209:10
Line: 301, column: 0
console.error: "Handler function threw an exception: [Exception... \"Component returned failure code: 0x80040111 (NS_ERROR_NOT_AVAILABLE) [nsICacheInfoChannel.isRacing]\"  nsresult: \"0x80040111 (NS_ERROR_NOT_AVAILABLE)\"  location: \"JS frame :: resource://devtools/server/actors/network-monitor/network-response-listener.js :: NetworkResponseListener.prototype._getSecurityInfo< :: line 301\"  data: no]\nStack: NetworkResponseListener.prototype._getSecurityInfo<@resource://devtools/server/actors/network-monitor/network-response-listener.js:301:26\nexports.makeInfallible/<@resource://devtools/shared/ThreadSafeDevToolsUtils.js:109:22\nonStartRequest@resource://devtools/server/actors/network-monitor/network-response-listener.js:209:10\nLine: 301, column: 0"
console.error: BroadcastService: 
  receivedBroadcastMessage: handler for
  remote-settings/monitor_changes
  threw error:
  Message: Error: Polling for changes failed: http://%(server)s/dummy/blocklist//buckets/monitor/collections/changes/records?_expected=%221565740805582%22 is not a valid URL..
  Stack:
    remoteSettingsFunction/remoteSettings.pollChanges@resource://services-settings/remote-settings.js:201:13

